<?xml version="1.0" encoding="UTF-8"?>
<!-- Generated by org.testng.reporters.JUnitXMLReporter -->
<testsuite ignored="0" hostname="Ashok" failures="0" tests="2" name="Login_Test" time="13.169" errors="0" timestamp="2022-04-01T20:03:17 IST">
  <testcase classname="com.actitime.genericLib.BaseTest" name="@BeforeMethod launchApp" time="13.056">
    <failure type="java.lang.NullPointerException" message="Cannot invoke &amp;quot;com.aventstack.extentreports.ExtentTest.assignDevice(String[])&amp;quot; because &amp;quot;com.actitime.utility.ExtentManager.extentTest&amp;quot; is null">
      <![CDATA[java.lang.NullPointerException: Cannot invoke "com.aventstack.extentreports.ExtentTest.assignDevice(String[])" because "com.actitime.utility.ExtentManager.extentTest" is null
at com.actitime.genericLib.BaseTest.launchApp(BaseTest.java:73)
at java.base/java.util.ArrayList.forEach(ArrayList.java:1511)
... Removed 31 stack frames]]>
    </failure>
  </testcase> <!-- @BeforeMethod launchApp -->
  <testcase classname="com.actitime.genericLib.BaseTest" name="@AfterMethod teardown" time="0.0">
    <skipped/>
  </testcase> <!-- @AfterMethod teardown -->
  <testcase classname="com.actitime.genericLib.BaseTest" name="@BeforeMethod launchApp" time="0.0">
    <skipped/>
  </testcase> <!-- @BeforeMethod launchApp -->
  <testcase classname="com.actitime.genericLib.BaseTest" name="@AfterMethod teardown" time="0.0">
    <skipped/>
  </testcase> <!-- @AfterMethod teardown -->
  <testcase classname="com.actitime.testscripts.LoginPageTest" name="loginTest" time="0.0">
    <skipped/>
  </testcase> <!-- loginTest -->
  <testcase classname="com.actitime.testscripts.LoginPageTest" name="verifyLoginPageTitle" time="0.0">
    <skipped/>
  </testcase> <!-- verifyLoginPageTitle -->
</testsuite> <!-- Login_Test -->
