<?xml version="1.0" encoding="UTF-8"?>
<!-- Generated by org.testng.reporters.JUnitXMLReporter -->
<testsuite ignored="2" hostname="Ashok" failures="0" tests="4" name="Test" time="44.157" errors="0" timestamp="2022-04-04T11:25:54 IST">
  <testcase classname="com.actitime.testscripts.LoginPageTest" name="loginTest" time="3.871"/>
  <testcase classname="com.actitime.testscripts.LoginPageTest" name="verifyLoginPageTitle" time="0.007"/>
  <testcase classname="com.actitime.testscripts.UserPageTest" name="createUserList" time="9.224"/>
  <testcase classname="com.actitime.testscripts.UserPageTest" name="verifyUserPage" time="5.976"/>
  <testcase classname="com.actitime.genericLib.BaseTest" name="@BeforeSuite extentReport" time="0.0">
    <ignored/>
  </testcase> <!-- @BeforeSuite extentReport -->
  <testcase classname="com.actitime.genericLib.BaseTest" name="@AfterSuite endExtentReport" time="0.0">
    <ignored/>
  </testcase> <!-- @AfterSuite endExtentReport -->
</testsuite> <!-- Test -->
