<?xml version="1.0" encoding="UTF-8"?>
<testsuite xmlns:xsi="http://www.w3.org/2001/XMLSchema-instance" xsi:noNamespaceSchemaLocation="https://maven.apache.org/surefire/maven-surefire-plugin/xsd/surefire-test-report-3.0.xsd" version="3.0" name="TestSuite" time="46.833" tests="4" errors="0" skipped="0" failures="0">
  <properties>
[...]
</properties>
  <testcase name="loginTest" classname="com.actitime.testscripts.LoginPageTest" time="3.186">
    <system-out><![CDATA[log4j: reset attribute= "false".
log4j: Threshold ="null".
log4j: Level value for root is  [debug].
log4j: root level set to DEBUG
log4j: Class name: [org.apache.log4j.ConsoleAppender]
log4j: Setting property [target] to [System.out].
log4j: Parsing layout of class: "org.apache.log4j.PatternLayout"
log4j: Setting property [conversionPattern] to [%d{yyyy-MM-dd HH:mm:ss} %-5p %c{1}:%L - %m%n].
log4j: Adding appender named [console] to category [root].
log4j: Class name: [org.apache.log4j.RollingFileAppender]
log4j: Setting property [file] to [Logs/log4j.log].
log4j: Parsing layout of class: "org.apache.log4j.PatternLayout"
log4j: Setting property [conversionPattern] to [%d{yyyy-MM-dd HH:mm:ss} %-5p %c{1}:%L - %m%n].
log4j: setFile called: Logs/log4j.log, true
log4j: setFile ended
log4j: Adding appender named [fileAppender] to category [root].
2022-04-04 14:40:45 INFO  Log:11 - =====================================loginTest TEST START=========================================
2022-04-04 14:40:45 INFO  Log:22 - Navigated to given url
2022-04-04 14:40:45 INFO  Log:22 - Give Username and Paassword and click on singin button
Successfully entered value
Successfully entered value
2022-04-04 14:40:45 INFO  Log:22 - Login is sucessful
2022-04-04 14:40:45 INFO  Log:22 - Going to verify Webpage Title after Login
2022-04-04 14:40:48 INFO  Log:22 - Sucessfully verified Webpage Title
2022-04-04 14:40:48 INFO  Log:15 - =====================================loginTest TEST END=========================================
]]></system-out>
    <system-err><![CDATA[SLF4J: Failed to load class "org.slf4j.impl.StaticLoggerBinder".
SLF4J: Defaulting to no-operation (NOP) logger implementation
SLF4J: See http://www.slf4j.org/codes.html#StaticLoggerBinder for further details.
Starting ChromeDriver 99.0.4844.51 (d537ec02474b5afe23684e7963d538896c63ac77-refs/branch-heads/4844@{#875}) on port 53915
Only local connections are allowed.
Please see https://chromedriver.chromium.org/security-considerations for suggestions on keeping ChromeDriver safe.
ChromeDriver was started successfully.
Apr 04, 2022 2:40:40 PM org.openqa.selenium.remote.ProtocolHandshake createSession
INFO: Detected dialect: W3C
Apr 04, 2022 2:40:40 PM org.openqa.selenium.devtools.CdpVersionFinder findNearestMatch
WARNING: Unable to find an exact match for CDP version 99, so returning the closest version found: 97
Apr 04, 2022 2:40:40 PM org.openqa.selenium.devtools.CdpVersionFinder findNearestMatch
INFO: Found CDP implementation for version 99 of 97
]]></system-err>
  </testcase>
  <testcase name="verifyLoginPageTitle" classname="com.actitime.testscripts.LoginPageTest" time="0.004">
    <system-out><![CDATA[2022-04-04 14:40:53 INFO  Log:11 - =====================================verifyLoginPageTitle TEST START=========================================
2022-04-04 14:40:53 INFO  Log:22 - Navigated to given url
2022-04-04 14:40:53 INFO  Log:22 - Going to verify  Login page Title
2022-04-04 14:40:53 INFO  Log:22 - Sucessfully verified Login page Title
2022-04-04 14:40:53 INFO  Log:15 - =====================================verifyLoginPageTitle TEST END=========================================
]]></system-out>
    <system-err><![CDATA[Starting ChromeDriver 99.0.4844.51 (d537ec02474b5afe23684e7963d538896c63ac77-refs/branch-heads/4844@{#875}) on port 63017
Only local connections are allowed.
Please see https://chromedriver.chromium.org/security-considerations for suggestions on keeping ChromeDriver safe.
ChromeDriver was started successfully.
Apr 04, 2022 2:40:49 PM org.openqa.selenium.remote.ProtocolHandshake createSession
INFO: Detected dialect: W3C
Apr 04, 2022 2:40:49 PM org.openqa.selenium.devtools.CdpVersionFinder findNearestMatch
WARNING: Unable to find an exact match for CDP version 99, so returning the closest version found: 97
Apr 04, 2022 2:40:49 PM org.openqa.selenium.devtools.CdpVersionFinder findNearestMatch
INFO: Found CDP implementation for version 99 of 97
]]></system-err>
  </testcase>
  <testcase name="createUserList" classname="com.actitime.testscripts.UserPageTest" time="9.251">
    <system-out><![CDATA[2022-04-04 14:41:01 INFO  Log:11 - =====================================verifyUserPage TEST START=========================================
2022-04-04 14:41:01 INFO  Log:22 - Navigated to given url
2022-04-04 14:41:01 INFO  Log:22 - Give Username and Paassword and click on singin button
Successfully entered value
Successfully entered value
2022-04-04 14:41:02 INFO  Log:22 - Login is sucessful
2022-04-04 14:41:02 INFO  Log:22 - Going to on Users Option
2022-04-04 14:41:07 INFO  Log:22 - Going to create newuser with all deatils and click on save button
Successfully entered value
Successfully entered value
Successfully entered value
2022-04-04 14:41:09 INFO  Log:22 - Going to verify Sucess message after creating new user
Successfully Found element at
The element is Displayed
2022-04-04 14:41:10 INFO  Log:22 - Sucessfully verified Sucess message of new user
2022-04-04 14:41:10 INFO  Log:22 - Going to click close button after verifying Sucess Message
2022-04-04 14:41:10 INFO  Log:15 - =====================================verifyUserPage TEST END=========================================
]]></system-out>
    <system-err><![CDATA[Starting ChromeDriver 99.0.4844.51 (d537ec02474b5afe23684e7963d538896c63ac77-refs/branch-heads/4844@{#875}) on port 56030
Only local connections are allowed.
Please see https://chromedriver.chromium.org/security-considerations for suggestions on keeping ChromeDriver safe.
ChromeDriver was started successfully.
Apr 04, 2022 2:40:54 PM org.openqa.selenium.remote.ProtocolHandshake createSession
INFO: Detected dialect: W3C
Apr 04, 2022 2:40:54 PM org.openqa.selenium.devtools.CdpVersionFinder findNearestMatch
WARNING: Unable to find an exact match for CDP version 99, so returning the closest version found: 97
Apr 04, 2022 2:40:54 PM org.openqa.selenium.devtools.CdpVersionFinder findNearestMatch
INFO: Found CDP implementation for version 99 of 97
]]></system-err>
  </testcase>
  <testcase name="verifyUserPage" classname="com.actitime.testscripts.UserPageTest" time="5.568">
    <system-out><![CDATA[2022-04-04 14:41:18 INFO  Log:11 - =====================================verifyUserPage TEST START=========================================
2022-04-04 14:41:18 INFO  Log:22 - Navigated to given url
2022-04-04 14:41:18 INFO  Log:22 - Give Username and Paassword and click on singin button
Successfully entered value
Successfully entered value
2022-04-04 14:41:18 INFO  Log:22 - Login is sucessful
2022-04-04 14:41:18 INFO  Log:22 - Going to on Users Option
2022-04-04 14:41:24 INFO  Log:22 - Going to verify User List Webpage Title 
2022-04-04 14:41:24 INFO  Log:22 - Sucessfully verified User List Webpage Title
2022-04-04 14:41:24 INFO  Log:15 - =====================================verifyUserPage TEST END=========================================
]]></system-out>
    <system-err><![CDATA[Starting ChromeDriver 99.0.4844.51 (d537ec02474b5afe23684e7963d538896c63ac77-refs/branch-heads/4844@{#875}) on port 54258
Only local connections are allowed.
Please see https://chromedriver.chromium.org/security-considerations for suggestions on keeping ChromeDriver safe.
ChromeDriver was started successfully.
Apr 04, 2022 2:41:11 PM org.openqa.selenium.remote.ProtocolHandshake createSession
INFO: Detected dialect: W3C
Apr 04, 2022 2:41:11 PM org.openqa.selenium.devtools.CdpVersionFinder findNearestMatch
WARNING: Unable to find an exact match for CDP version 99, so returning the closest version found: 97
Apr 04, 2022 2:41:11 PM org.openqa.selenium.devtools.CdpVersionFinder findNearestMatch
INFO: Found CDP implementation for version 99 of 97
]]></system-err>
  </testcase>
</testsuite>