<?xml version="1.0" encoding="UTF-8"?>
<testng-results ignored="2" total="6" passed="4" failed="0" skipped="0">
  <reporter-output>
  </reporter-output>
  <suite started-at="2022-04-04T14:40:38 IST" name="Suite" finished-at="2022-04-04T14:41:24 IST" duration-ms="45960">
    <groups>
      <group name="Sanity">
        <method signature="LoginPageTest.loginTest()[pri:0, instance:com.actitime.testscripts.LoginPageTest@60bd273d]" name="loginTest" class="com.actitime.testscripts.LoginPageTest"/>
        <method signature="LoginPageTest.verifyLoginPageTitle()[pri:0, instance:com.actitime.testscripts.LoginPageTest@60bd273d]" name="verifyLoginPageTitle" class="com.actitime.testscripts.LoginPageTest"/>
        <method signature="UserPageTest.createUserList()[pri:0, instance:com.actitime.testscripts.UserPageTest@a38c7fe]" name="createUserList" class="com.actitime.testscripts.UserPageTest"/>
      </group> <!-- Sanity -->
      <group name="Regression">
        <method signature="LoginPageTest.loginTest()[pri:0, instance:com.actitime.testscripts.LoginPageTest@60bd273d]" name="loginTest" class="com.actitime.testscripts.LoginPageTest"/>
      </group> <!-- Regression -->
      <group name="Smoke">
        <method signature="LoginPageTest.verifyLoginPageTitle()[pri:0, instance:com.actitime.testscripts.LoginPageTest@60bd273d]" name="verifyLoginPageTitle" class="com.actitime.testscripts.LoginPageTest"/>
        <method signature="UserPageTest.verifyUserPage()[pri:0, instance:com.actitime.testscripts.UserPageTest@a38c7fe]" name="verifyUserPage" class="com.actitime.testscripts.UserPageTest"/>
      </group> <!-- Smoke -->
    </groups>
    <test started-at="2022-04-04T14:40:38 IST" name="Test" finished-at="2022-04-04T14:41:24 IST" duration-ms="45960">
      <class name="com.actitime.testscripts.LoginPageTest">
        <test-method is-config="true" signature="extentReport()[pri:0, instance:com.actitime.testscripts.LoginPageTest@60bd273d]" started-at="2022-04-04T14:40:38 IST" name="extentReport" finished-at="2022-04-04T14:40:38 IST" duration-ms="169" status="PASS">
          <reporter-output>
          </reporter-output>
        </test-method> <!-- extentReport -->
        <test-method is-config="true" signature="launchApp(org.testng.ITestContext,java.lang.String)[pri:0, instance:com.actitime.testscripts.LoginPageTest@60bd273d]" started-at="2022-04-04T14:40:38 IST" name="launchApp" finished-at="2022-04-04T14:40:45 IST" duration-ms="6656" status="PASS">
          <params>
            <param index="0">
              <value>
                <![CDATA[org.testng.TestRunner@6f52a229]]>
              </value>
            </param>
            <param index="1">
              <value>
                <![CDATA[chrome]]>
              </value>
            </param>
          </params>
          <reporter-output>
          </reporter-output>
        </test-method> <!-- launchApp -->
        <test-method signature="loginTest()[pri:0, instance:com.actitime.testscripts.LoginPageTest@60bd273d]" started-at="2022-04-04T14:40:45 IST" name="loginTest" finished-at="2022-04-04T14:40:48 IST" duration-ms="3190" status="PASS">
          <reporter-output>
          </reporter-output>
        </test-method> <!-- loginTest -->
        <test-method is-config="true" signature="teardown()[pri:0, instance:com.actitime.testscripts.LoginPageTest@60bd273d]" started-at="2022-04-04T14:40:48 IST" name="teardown" finished-at="2022-04-04T14:40:48 IST" duration-ms="180" status="PASS">
          <reporter-output>
          </reporter-output>
        </test-method> <!-- teardown -->
        <test-method is-config="true" signature="launchApp(org.testng.ITestContext,java.lang.String)[pri:0, instance:com.actitime.testscripts.LoginPageTest@60bd273d]" started-at="2022-04-04T14:40:48 IST" name="launchApp" finished-at="2022-04-04T14:40:53 IST" duration-ms="5157" status="PASS">
          <params>
            <param index="0">
              <value>
                <![CDATA[org.testng.TestRunner@6f52a229]]>
              </value>
            </param>
            <param index="1">
              <value>
                <![CDATA[chrome]]>
              </value>
            </param>
          </params>
          <reporter-output>
          </reporter-output>
        </test-method> <!-- launchApp -->
        <test-method signature="verifyLoginPageTitle()[pri:0, instance:com.actitime.testscripts.LoginPageTest@60bd273d]" started-at="2022-04-04T14:40:53 IST" name="verifyLoginPageTitle" finished-at="2022-04-04T14:40:53 IST" duration-ms="10" status="PASS">
          <reporter-output>
          </reporter-output>
        </test-method> <!-- verifyLoginPageTitle -->
        <test-method is-config="true" signature="teardown()[pri:0, instance:com.actitime.testscripts.LoginPageTest@60bd273d]" started-at="2022-04-04T14:40:53 IST" name="teardown" finished-at="2022-04-04T14:40:53 IST" duration-ms="154" status="PASS">
          <reporter-output>
          </reporter-output>
        </test-method> <!-- teardown -->
        <test-method is-config="true" signature="endExtentReport()[pri:0, instance:com.actitime.testscripts.LoginPageTest@60bd273d]" started-at="2022-04-04T14:41:24 IST" name="endExtentReport" finished-at="2022-04-04T14:41:24 IST" duration-ms="332" status="PASS">
          <reporter-output>
          </reporter-output>
        </test-method> <!-- endExtentReport -->
      </class> <!-- com.actitime.testscripts.LoginPageTest -->
      <class name="com.actitime.testscripts.UserPageTest">
        <test-method is-config="true" signature="launchApp(org.testng.ITestContext,java.lang.String)[pri:0, instance:com.actitime.testscripts.UserPageTest@a38c7fe]" started-at="2022-04-04T14:40:53 IST" name="launchApp" finished-at="2022-04-04T14:41:01 IST" duration-ms="7886" status="PASS">
          <params>
            <param index="0">
              <value>
                <![CDATA[org.testng.TestRunner@6f52a229]]>
              </value>
            </param>
            <param index="1">
              <value>
                <![CDATA[chrome]]>
              </value>
            </param>
          </params>
          <reporter-output>
          </reporter-output>
        </test-method> <!-- launchApp -->
        <test-method signature="createUserList()[pri:0, instance:com.actitime.testscripts.UserPageTest@a38c7fe]" started-at="2022-04-04T14:41:01 IST" name="createUserList" finished-at="2022-04-04T14:41:10 IST" duration-ms="9255" status="PASS">
          <reporter-output>
          </reporter-output>
        </test-method> <!-- createUserList -->
        <test-method is-config="true" signature="teardown()[pri:0, instance:com.actitime.testscripts.UserPageTest@a38c7fe]" started-at="2022-04-04T14:41:10 IST" name="teardown" finished-at="2022-04-04T14:41:11 IST" duration-ms="182" status="PASS">
          <reporter-output>
          </reporter-output>
        </test-method> <!-- teardown -->
        <test-method is-config="true" signature="launchApp(org.testng.ITestContext,java.lang.String)[pri:0, instance:com.actitime.testscripts.UserPageTest@a38c7fe]" started-at="2022-04-04T14:41:11 IST" name="launchApp" finished-at="2022-04-04T14:41:18 IST" duration-ms="7585" status="PASS">
          <params>
            <param index="0">
              <value>
                <![CDATA[org.testng.TestRunner@6f52a229]]>
              </value>
            </param>
            <param index="1">
              <value>
                <![CDATA[chrome]]>
              </value>
            </param>
          </params>
          <reporter-output>
          </reporter-output>
        </test-method> <!-- launchApp -->
        <test-method signature="verifyUserPage()[pri:0, instance:com.actitime.testscripts.UserPageTest@a38c7fe]" started-at="2022-04-04T14:41:18 IST" name="verifyUserPage" finished-at="2022-04-04T14:41:24 IST" duration-ms="5570" status="PASS">
          <reporter-output>
          </reporter-output>
        </test-method> <!-- verifyUserPage -->
        <test-method is-config="true" signature="teardown()[pri:0, instance:com.actitime.testscripts.UserPageTest@a38c7fe]" started-at="2022-04-04T14:41:24 IST" name="teardown" finished-at="2022-04-04T14:41:24 IST" duration-ms="112" status="PASS">
          <reporter-output>
          </reporter-output>
        </test-method> <!-- teardown -->
      </class> <!-- com.actitime.testscripts.UserPageTest -->
    </test> <!-- Test -->
  </suite> <!-- Suite -->
</testng-results>
