<?xml version="1.0" encoding="UTF-8"?>
<testng-results ignored="2" total="6" passed="4" failed="0" skipped="0">
  <reporter-output>
  </reporter-output>
  <suite started-at="2022-04-04T11:25:10 IST" name="Suite" finished-at="2022-04-04T11:25:54 IST" duration-ms="44157">
    <groups>
      <group name="Sanity">
        <method signature="LoginPageTest.loginTest()[pri:0, instance:com.actitime.testscripts.LoginPageTest@68c9133c]" name="loginTest" class="com.actitime.testscripts.LoginPageTest"/>
        <method signature="LoginPageTest.verifyLoginPageTitle()[pri:0, instance:com.actitime.testscripts.LoginPageTest@68c9133c]" name="verifyLoginPageTitle" class="com.actitime.testscripts.LoginPageTest"/>
        <method signature="UserPageTest.createUserList()[pri:0, instance:com.actitime.testscripts.UserPageTest@33bc72d1]" name="createUserList" class="com.actitime.testscripts.UserPageTest"/>
      </group> <!-- Sanity -->
      <group name="Regression">
        <method signature="LoginPageTest.loginTest()[pri:0, instance:com.actitime.testscripts.LoginPageTest@68c9133c]" name="loginTest" class="com.actitime.testscripts.LoginPageTest"/>
      </group> <!-- Regression -->
      <group name="Smoke">
        <method signature="LoginPageTest.verifyLoginPageTitle()[pri:0, instance:com.actitime.testscripts.LoginPageTest@68c9133c]" name="verifyLoginPageTitle" class="com.actitime.testscripts.LoginPageTest"/>
        <method signature="UserPageTest.verifyUserPage()[pri:0, instance:com.actitime.testscripts.UserPageTest@33bc72d1]" name="verifyUserPage" class="com.actitime.testscripts.UserPageTest"/>
      </group> <!-- Smoke -->
    </groups>
    <test started-at="2022-04-04T11:25:10 IST" name="Test" finished-at="2022-04-04T11:25:54 IST" duration-ms="44157">
      <class name="com.actitime.testscripts.LoginPageTest">
        <test-method is-config="true" signature="extentReport()[pri:0, instance:com.actitime.testscripts.LoginPageTest@68c9133c]" started-at="2022-04-04T11:25:09 IST" name="extentReport" finished-at="2022-04-04T11:25:10 IST" duration-ms="235" status="PASS">
          <reporter-output>
          </reporter-output>
        </test-method> <!-- extentReport -->
        <test-method is-config="true" signature="launchApp(org.testng.ITestContext,java.lang.String)[pri:0, instance:com.actitime.testscripts.LoginPageTest@68c9133c]" started-at="2022-04-04T11:25:10 IST" name="launchApp" finished-at="2022-04-04T11:25:18 IST" duration-ms="8042" status="PASS">
          <params>
            <param index="0">
              <value>
                <![CDATA[org.testng.TestRunner@508f4bb5]]>
              </value>
            </param>
            <param index="1">
              <value>
                <![CDATA[chrome]]>
              </value>
            </param>
          </params>
          <reporter-output>
          </reporter-output>
        </test-method> <!-- launchApp -->
        <test-method signature="loginTest()[pri:0, instance:com.actitime.testscripts.LoginPageTest@68c9133c]" started-at="2022-04-04T11:25:18 IST" name="loginTest" finished-at="2022-04-04T11:25:22 IST" duration-ms="3871" status="PASS">
          <reporter-output>
          </reporter-output>
        </test-method> <!-- loginTest -->
        <test-method is-config="true" signature="teardown()[pri:0, instance:com.actitime.testscripts.LoginPageTest@68c9133c]" started-at="2022-04-04T11:25:22 IST" name="teardown" finished-at="2022-04-04T11:25:22 IST" duration-ms="201" status="PASS">
          <reporter-output>
          </reporter-output>
        </test-method> <!-- teardown -->
        <test-method is-config="true" signature="launchApp(org.testng.ITestContext,java.lang.String)[pri:0, instance:com.actitime.testscripts.LoginPageTest@68c9133c]" started-at="2022-04-04T11:25:22 IST" name="launchApp" finished-at="2022-04-04T11:25:27 IST" duration-ms="5126" status="PASS">
          <params>
            <param index="0">
              <value>
                <![CDATA[org.testng.TestRunner@508f4bb5]]>
              </value>
            </param>
            <param index="1">
              <value>
                <![CDATA[chrome]]>
              </value>
            </param>
          </params>
          <reporter-output>
          </reporter-output>
        </test-method> <!-- launchApp -->
        <test-method signature="verifyLoginPageTitle()[pri:0, instance:com.actitime.testscripts.LoginPageTest@68c9133c]" started-at="2022-04-04T11:25:27 IST" name="verifyLoginPageTitle" finished-at="2022-04-04T11:25:27 IST" duration-ms="7" status="PASS">
          <reporter-output>
          </reporter-output>
        </test-method> <!-- verifyLoginPageTitle -->
        <test-method is-config="true" signature="teardown()[pri:0, instance:com.actitime.testscripts.LoginPageTest@68c9133c]" started-at="2022-04-04T11:25:27 IST" name="teardown" finished-at="2022-04-04T11:25:27 IST" duration-ms="126" status="PASS">
          <reporter-output>
          </reporter-output>
        </test-method> <!-- teardown -->
        <test-method is-config="true" signature="endExtentReport()[pri:0, instance:com.actitime.testscripts.LoginPageTest@68c9133c]" started-at="2022-04-04T11:25:54 IST" name="endExtentReport" finished-at="2022-04-04T11:25:54 IST" duration-ms="413" status="PASS">
          <reporter-output>
          </reporter-output>
        </test-method> <!-- endExtentReport -->
      </class> <!-- com.actitime.testscripts.LoginPageTest -->
      <class name="com.actitime.testscripts.UserPageTest">
        <test-method is-config="true" signature="launchApp(org.testng.ITestContext,java.lang.String)[pri:0, instance:com.actitime.testscripts.UserPageTest@33bc72d1]" started-at="2022-04-04T11:25:27 IST" name="launchApp" finished-at="2022-04-04T11:25:33 IST" duration-ms="6031" status="PASS">
          <params>
            <param index="0">
              <value>
                <![CDATA[org.testng.TestRunner@508f4bb5]]>
              </value>
            </param>
            <param index="1">
              <value>
                <![CDATA[chrome]]>
              </value>
            </param>
          </params>
          <reporter-output>
          </reporter-output>
        </test-method> <!-- launchApp -->
        <test-method signature="createUserList()[pri:0, instance:com.actitime.testscripts.UserPageTest@33bc72d1]" started-at="2022-04-04T11:25:33 IST" name="createUserList" finished-at="2022-04-04T11:25:42 IST" duration-ms="9224" status="PASS">
          <reporter-output>
          </reporter-output>
        </test-method> <!-- createUserList -->
        <test-method is-config="true" signature="teardown()[pri:0, instance:com.actitime.testscripts.UserPageTest@33bc72d1]" started-at="2022-04-04T11:25:42 IST" name="teardown" finished-at="2022-04-04T11:25:43 IST" duration-ms="128" status="PASS">
          <reporter-output>
          </reporter-output>
        </test-method> <!-- teardown -->
        <test-method is-config="true" signature="launchApp(org.testng.ITestContext,java.lang.String)[pri:0, instance:com.actitime.testscripts.UserPageTest@33bc72d1]" started-at="2022-04-04T11:25:43 IST" name="launchApp" finished-at="2022-04-04T11:25:48 IST" duration-ms="5216" status="PASS">
          <params>
            <param index="0">
              <value>
                <![CDATA[org.testng.TestRunner@508f4bb5]]>
              </value>
            </param>
            <param index="1">
              <value>
                <![CDATA[chrome]]>
              </value>
            </param>
          </params>
          <reporter-output>
          </reporter-output>
        </test-method> <!-- launchApp -->
        <test-method signature="verifyUserPage()[pri:0, instance:com.actitime.testscripts.UserPageTest@33bc72d1]" started-at="2022-04-04T11:25:48 IST" name="verifyUserPage" finished-at="2022-04-04T11:25:54 IST" duration-ms="5976" status="PASS">
          <reporter-output>
          </reporter-output>
        </test-method> <!-- verifyUserPage -->
        <test-method is-config="true" signature="teardown()[pri:0, instance:com.actitime.testscripts.UserPageTest@33bc72d1]" started-at="2022-04-04T11:25:54 IST" name="teardown" finished-at="2022-04-04T11:25:54 IST" duration-ms="179" status="PASS">
          <reporter-output>
          </reporter-output>
        </test-method> <!-- teardown -->
      </class> <!-- com.actitime.testscripts.UserPageTest -->
    </test> <!-- Test -->
  </suite> <!-- Suite -->
</testng-results>
